<?xml version="1.0" encoding="UTF-8"?>
<!-- Generated by org.testng.reporters.JUnitXMLReporter -->
<testsuite hostname="STI-D01-YOGESHA" ignored="0" name=" Smoke suite" tests="7" failures="1" timestamp="02 Jan 2018 13:16:19 GMT" time="141.073" errors="0">
  <testcase name="@AfterTest getResult" time="0.001" classname="com.pa.qa.testcases.HomePageImageNavigateTest">
    <failure type="java.lang.IllegalArgumentException" message="wrong number of arguments">
      <![CDATA[java.lang.IllegalArgumentException: wrong number of arguments
... Removed 23 stack frames]]>
    </failure>
  </testcase> <!-- @AfterTest getResult -->
  <testcase name="@AfterTest getResult" time="0.0" classname="com.pa.qa.testcases.HomePageTestCase">
    <skipped/>
  </testcase> <!-- @AfterTest getResult -->
  <testcase name="@AfterTest getResult" time="0.0" classname="com.pa.qa.testcases.LogInTest">
    <skipped/>
  </testcase> <!-- @AfterTest getResult -->
  <testcase name="HomePageTest" time="5.204" classname="com.pa.qa.testcases.HomePageTestCase">
    <failure type="java.lang.AssertionError" message="expected [true] but found [false]">
      <![CDATA[java.lang.AssertionError: expected [true] but found [false]
	at com.pa.qa.pages.HomePage.VerifyHomePageSlides(HomePage.java:48)
	at com.pa.qa.testcases.HomePageTestCase.HomePageTest(HomePageTestCase.java:36)
... Removed 29 stack frames]]>
    </failure>
  </testcase> <!-- HomePageTest -->
  <testcase name="HomePageNavigateTest" time="12.87" classname="com.pa.qa.testcases.HomePageImageNavigateTest"/>
  <testcase name="LogInToApp" time="45.077" classname="com.pa.qa.testcases.LogInTest"/>
  <testcase name="LogInToApp" time="3.235" classname="com.pa.qa.testcases.LogInTest"/>
  <testcase name="LogInToApp" time="3.028" classname="com.pa.qa.testcases.LogInTest"/>
  <testcase name="LogInToApp" time="3.793" classname="com.pa.qa.testcases.LogInTest"/>
  <testcase name="LogInToApp" time="4.089" classname="com.pa.qa.testcases.LogInTest"/>
</testsuite> <!--  Smoke suite -->
