<!DOCTYPE html PUBLIC "-//W3C//DTD XHTML 1.1//EN" "http://www.w3.org/TR/xhtml11/DTD/xhtml11.dtd">
<html xmlns="http://www.w3.org/1999/xhtml"><head><title>TestNG Report</title><style type="text/css">table {margin-bottom:10px;border-collapse:collapse;empty-cells:show}th,td {border:1px solid #009;padding:.25em .5em}th {vertical-align:bottom}td {vertical-align:top}table a {font-weight:bold}.stripe td {background-color: #E6EBF9}.num {text-align:right}.passedodd td {background-color: #3F3}.passedeven td {background-color: #0A0}.skippedodd td {background-color: #DDD}.skippedeven td {background-color: #CCC}.failedodd td,.attn {background-color: #F33}.failedeven td,.stripe .attn {background-color: #D00}.stacktrace {white-space:pre;font-family:monospace}.totop {font-size:85%;text-align:center;border-bottom:2px solid #000}</style></head><body><table><tr><th>Test</th><th># Passed</th><th># Skipped</th><th># Failed</th><th>Time (ms)</th><th>Included Groups</th><th>Excluded Groups</th></tr><tr><th colspan="7">example suite 1</th></tr><tr><td><a href="#t0"> Smoke suite</a></td><td class="num">6</td><td class="num">0</td><td class="num attn">1</td><td class="num">234,164</td><td></td><td></td></tr></table><table id='summary'><thead><tr><th>Class</th><th>Method</th><th>Start</th><th>Time (ms)</th></tr></thead><tbody><tr><th colspan="4">example suite 1</th></tr></tbody><tbody id="t0"><tr><th colspan="4"> Smoke suite &#8212; failed (configuration methods)</th></tr><tr class="failedeven"><td rowspan="1">com.pa.qa.testcases.HomePageImageNavigateTest</td><td><a href="#m0">tearDown</a></td><td rowspan="1">1514903028082</td><td rowspan="1">225</td></tr><tr><th colspan="4"> Smoke suite &#8212; failed</th></tr><tr class="failedeven"><td rowspan="1">com.pa.qa.testcases.HomePageTestCase</td><td><a href="#m1">HomePageTest</a></td><td rowspan="1">1514902845503</td><td rowspan="1">33312</td></tr><tr><th colspan="4"> Smoke suite &#8212; skipped (configuration methods)</th></tr><tr class="skippedeven"><td rowspan="1">com.pa.qa.testcases.HomePageImageNavigateTest</td><td><a href="#m2">tearDown</a></td><td rowspan="1">1514903028309</td><td rowspan="1">0</td></tr><tr><th colspan="4"> Smoke suite &#8212; passed</th></tr><tr class="passedeven"><td rowspan="1">com.pa.qa.testcases.HomePageImageNavigateTest</td><td><a href="#m3">HomePageNavigateTest</a></td><td rowspan="1">1514902879577</td><td rowspan="1">41191</td></tr><tr class="passedodd"><td rowspan="5">com.pa.qa.testcases.LogInTest</td><td><a href="#m4">LogInToApp</a></td><td rowspan="5">1514903014892</td><td rowspan="5">3225</td></tr><tr class="passedodd"><td><a href="#m5">LogInToApp</a></td></tr><tr class="passedodd"><td><a href="#m6">LogInToApp</a></td></tr><tr class="passedodd"><td><a href="#m7">LogInToApp</a></td></tr><tr class="passedodd"><td><a href="#m8">LogInToApp</a></td></tr></tbody></table><h2> Smoke suite</h2><h3 id="m0">com.pa.qa.testcases.HomePageImageNavigateTest#tearDown</h3><table class="result"><tr><th>Exception</th></tr><tr><td><div class="stacktrace">org.openqa.selenium.NoSuchSessionException: no such session
  (Driver info: chromedriver=2.33.506120 (e3e53437346286c0bc2d2dc9aa4915ba81d9023f),platform=Windows NT 6.3.9600 x86_64) (WARNING: The server did not provide any stacktrace information)
Command duration or timeout: 0 milliseconds
Build info: version: &apos;3.6.0&apos;, revision: &apos;6fbf3ec767&apos;, time: &apos;2017-09-27T15:28:36.4Z&apos;
System info: host: &apos;STI-D01-YOGESHA&apos;, ip: &apos;192.168.94.86&apos;, os.name: &apos;Windows 8.1&apos;, os.arch: &apos;amd64&apos;, os.version: &apos;6.3&apos;, java.version: &apos;1.8.0_102&apos;
Driver info: org.openqa.selenium.chrome.ChromeDriver
Capabilities [{mobileEmulationEnabled=false, hasTouchScreen=false, platform=XP, acceptSslCerts=true, webStorageEnabled=true, browserName=chrome, takesScreenshot=true, javascriptEnabled=true, platformName=XP, setWindowRect=true, unexpectedAlertBehaviour=, applicationCacheEnabled=false, rotatable=false, networkConnectionEnabled=false, chrome={chromedriverVersion=2.33.506120 (e3e53437346286c0bc2d2dc9aa4915ba81d9023f), userDataDir=C:\Users\yogesha\AppData\Local\Temp\scoped_dir11860_332}, takesHeapSnapshot=true, pageLoadStrategy=normal, unhandledPromptBehavior=, databaseEnabled=false, handlesAlerts=true, version=63.0.3239.84, browserConnectionEnabled=false, nativeEvents=true, locationContextEnabled=true, cssSelectorsEnabled=true}]
Session ID: 324fc027069abc30ef6ba70278c7f45a
	at org.openqa.selenium.remote.ErrorHandler.createThrowable(ErrorHandler.java:214)
	at org.openqa.selenium.remote.ErrorHandler.throwIfResponseFailed(ErrorHandler.java:166)
	at org.openqa.selenium.remote.http.JsonHttpResponseCodec.reconstructValue(JsonHttpResponseCodec.java:40)
	at org.openqa.selenium.remote.http.AbstractHttpResponseCodec.decode(AbstractHttpResponseCodec.java:82)
	at org.openqa.selenium.remote.http.AbstractHttpResponseCodec.decode(AbstractHttpResponseCodec.java:45)
	at org.openqa.selenium.remote.HttpCommandExecutor.execute(HttpCommandExecutor.java:164)
	at org.openqa.selenium.remote.service.DriverCommandExecutor.execute(DriverCommandExecutor.java:83)
	at org.openqa.selenium.remote.RemoteWebDriver.execute(RemoteWebDriver.java:586)
	at org.openqa.selenium.remote.RemoteWebDriver.execute(RemoteWebDriver.java:643)
	at org.openqa.selenium.remote.RemoteWebDriver.close(RemoteWebDriver.java:472)
	at com.pa.qa.testcases.HomePageTestCase.tearDown(HomePageTestCase.java:56)
... Removed 27 stack frames</div></td></tr></table><p class="totop"><a href="#summary">back to summary</a></p><h3 id="m1">com.pa.qa.testcases.HomePageTestCase#HomePageTest</h3><table class="result"><tr><th>Exception</th></tr><tr><td><div class="stacktrace">java.lang.AssertionError: expected [true] but found [false]
	at com.pa.qa.pages.HomePage.VerifyHomePageSlides(HomePage.java:48)
	at com.pa.qa.testcases.HomePageTestCase.HomePageTest(HomePageTestCase.java:36)
... Removed 29 stack frames</div></td></tr></table><p class="totop"><a href="#summary">back to summary</a></p><h3 id="m2">com.pa.qa.testcases.HomePageImageNavigateTest#tearDown</h3><table class="result"></table><p class="totop"><a href="#summary">back to summary</a></p><h3 id="m3">com.pa.qa.testcases.HomePageImageNavigateTest#HomePageNavigateTest</h3><table class="result"></table><p class="totop"><a href="#summary">back to summary</a></p><h3 id="m4">com.pa.qa.testcases.LogInTest#LogInToApp</h3><table class="result"><tr class="param"><th>Parameter #1</th><th>Parameter #2</th></tr><tr class="param stripe"><td>Yogesh</td><td>Test2145</td></tr></table><p class="totop"><a href="#summary">back to summary</a></p><h3 id="m5">com.pa.qa.testcases.LogInTest#LogInToApp</h3><table class="result"><tr class="param"><th>Parameter #1</th><th>Parameter #2</th></tr><tr class="param stripe"><td>Yogesh123</td><td>Test2146</td></tr></table><p class="totop"><a href="#summary">back to summary</a></p><h3 id="m6">com.pa.qa.testcases.LogInTest#LogInToApp</h3><table class="result"><tr class="param"><th>Parameter #1</th><th>Parameter #2</th></tr><tr class="param stripe"><td>Yogesh</td><td>Test2147</td></tr></table><p class="totop"><a href="#summary">back to summary</a></p><h3 id="m7">com.pa.qa.testcases.LogInTest#LogInToApp</h3><table class="result"><tr class="param"><th>Parameter #1</th><th>Parameter #2</th></tr><tr class="param stripe"><td>NaveenK</td><td>Test123</td></tr></table><p class="totop"><a href="#summary">back to summary</a></p><h3 id="m8">com.pa.qa.testcases.LogInTest#LogInToApp</h3><table class="result"><tr class="param"><th>Parameter #1</th><th>Parameter #2</th></tr><tr class="param stripe"><td>Yogesh</td><td>Test2148</td></tr></table><p class="totop"><a href="#summary">back to summary</a></p></body></html>