<?xml version="1.0" encoding="UTF-8"?>
<testng-results skipped="0" failed="1" ignored="0" total="7" passed="6">
  <reporter-output>
  </reporter-output>
  <suite name="example suite 1" duration-ms="234164" started-at="2018-01-02T14:19:54Z" finished-at="2018-01-02T14:23:48Z">
    <groups>
    </groups>
    <test name=" Smoke suite" duration-ms="234164" started-at="2018-01-02T14:19:54Z" finished-at="2018-01-02T14:23:48Z">
      <class name="com.pa.qa.testcases.LogInTest">
        <test-method status="PASS" signature="setUP()[pri:0, instance:com.pa.qa.testcases.LogInTest@59f99ea]" name="setUP" is-config="true" duration-ms="43799" started-at="2018-01-02T19:52:00Z" finished-at="2018-01-02T19:52:44Z">
          <reporter-output>
          </reporter-output>
        </test-method> <!-- setUP -->
        <test-method status="PASS" signature="LogInToApp(java.lang.String, java.lang.String)[pri:0, instance:com.pa.qa.testcases.LogInTest@59f99ea]" name="LogInToApp" duration-ms="47141" started-at="2018-01-02T19:52:47Z" data-provider="getLogInTestData" finished-at="2018-01-02T19:53:34Z">
          <params>
            <param index="0">
              <value>
                <![CDATA[NaveenK]]>
              </value>
            </param>
            <param index="1">
              <value>
                <![CDATA[Test123]]>
              </value>
            </param>
          </params>
          <reporter-output>
          </reporter-output>
        </test-method> <!-- LogInToApp -->
        <test-method status="PASS" signature="LogInToApp(java.lang.String, java.lang.String)[pri:0, instance:com.pa.qa.testcases.LogInTest@59f99ea]" name="LogInToApp" duration-ms="3225" started-at="2018-01-02T19:53:34Z" data-provider="getLogInTestData" finished-at="2018-01-02T19:53:38Z">
          <params>
            <param index="0">
              <value>
                <![CDATA[Yogesh]]>
              </value>
            </param>
            <param index="1">
              <value>
                <![CDATA[Test2145]]>
              </value>
            </param>
          </params>
          <reporter-output>
          </reporter-output>
        </test-method> <!-- LogInToApp -->
        <test-method status="PASS" signature="getResult(org.testng.ITestResult)[pri:0, instance:com.pa.qa.testcases.LogInTest@59f99ea]" name="getResult" is-config="true" duration-ms="0" started-at="2018-01-02T19:53:34Z" finished-at="2018-01-02T19:53:34Z">
          <params>
            <param index="0">
              <value>
                <![CDATA[[TestResult name=LogInToApp status=SUCCESS method=LogInTest.LogInToApp(java.lang.String, java.lang.String)[pri:0, instance:com.pa.qa.testcases.LogInTest@59f99ea] output={null}]]]>
              </value>
            </param>
          </params>
          <reporter-output>
          </reporter-output>
        </test-method> <!-- getResult -->
        <test-method status="PASS" signature="getResult(org.testng.ITestResult)[pri:0, instance:com.pa.qa.testcases.LogInTest@59f99ea]" name="getResult" is-config="true" duration-ms="1" started-at="2018-01-02T19:53:38Z" finished-at="2018-01-02T19:53:38Z">
          <params>
            <param index="0">
              <value>
                <![CDATA[[TestResult name=LogInToApp status=SUCCESS method=LogInTest.LogInToApp(java.lang.String, java.lang.String)[pri:0, instance:com.pa.qa.testcases.LogInTest@59f99ea] output={null}]]]>
              </value>
            </param>
          </params>
          <reporter-output>
          </reporter-output>
        </test-method> <!-- getResult -->
        <test-method status="PASS" signature="LogInToApp(java.lang.String, java.lang.String)[pri:0, instance:com.pa.qa.testcases.LogInTest@59f99ea]" name="LogInToApp" duration-ms="3086" started-at="2018-01-02T19:53:38Z" data-provider="getLogInTestData" finished-at="2018-01-02T19:53:41Z">
          <params>
            <param index="0">
              <value>
                <![CDATA[Yogesh123]]>
              </value>
            </param>
            <param index="1">
              <value>
                <![CDATA[Test2146]]>
              </value>
            </param>
          </params>
          <reporter-output>
          </reporter-output>
        </test-method> <!-- LogInToApp -->
        <test-method status="PASS" signature="LogInToApp(java.lang.String, java.lang.String)[pri:0, instance:com.pa.qa.testcases.LogInTest@59f99ea]" name="LogInToApp" duration-ms="3118" started-at="2018-01-02T19:53:41Z" data-provider="getLogInTestData" finished-at="2018-01-02T19:53:44Z">
          <params>
            <param index="0">
              <value>
                <![CDATA[Yogesh]]>
              </value>
            </param>
            <param index="1">
              <value>
                <![CDATA[Test2147]]>
              </value>
            </param>
          </params>
          <reporter-output>
          </reporter-output>
        </test-method> <!-- LogInToApp -->
        <test-method status="PASS" signature="getResult(org.testng.ITestResult)[pri:0, instance:com.pa.qa.testcases.LogInTest@59f99ea]" name="getResult" is-config="true" duration-ms="0" started-at="2018-01-02T19:53:41Z" finished-at="2018-01-02T19:53:41Z">
          <params>
            <param index="0">
              <value>
                <![CDATA[[TestResult name=LogInToApp status=SUCCESS method=LogInTest.LogInToApp(java.lang.String, java.lang.String)[pri:0, instance:com.pa.qa.testcases.LogInTest@59f99ea] output={null}]]]>
              </value>
            </param>
          </params>
          <reporter-output>
          </reporter-output>
        </test-method> <!-- getResult -->
        <test-method status="PASS" signature="getResult(org.testng.ITestResult)[pri:0, instance:com.pa.qa.testcases.LogInTest@59f99ea]" name="getResult" is-config="true" duration-ms="1" started-at="2018-01-02T19:53:44Z" finished-at="2018-01-02T19:53:44Z">
          <params>
            <param index="0">
              <value>
                <![CDATA[[TestResult name=LogInToApp status=SUCCESS method=LogInTest.LogInToApp(java.lang.String, java.lang.String)[pri:0, instance:com.pa.qa.testcases.LogInTest@59f99ea] output={null}]]]>
              </value>
            </param>
          </params>
          <reporter-output>
          </reporter-output>
        </test-method> <!-- getResult -->
        <test-method status="PASS" signature="LogInToApp(java.lang.String, java.lang.String)[pri:0, instance:com.pa.qa.testcases.LogInTest@59f99ea]" name="LogInToApp" duration-ms="3159" started-at="2018-01-02T19:53:44Z" data-provider="getLogInTestData" finished-at="2018-01-02T19:53:47Z">
          <params>
            <param index="0">
              <value>
                <![CDATA[Yogesh]]>
              </value>
            </param>
            <param index="1">
              <value>
                <![CDATA[Test2148]]>
              </value>
            </param>
          </params>
          <reporter-output>
          </reporter-output>
        </test-method> <!-- LogInToApp -->
        <test-method status="PASS" signature="getResult(org.testng.ITestResult)[pri:0, instance:com.pa.qa.testcases.LogInTest@59f99ea]" name="getResult" is-config="true" duration-ms="0" started-at="2018-01-02T19:53:47Z" finished-at="2018-01-02T19:53:47Z">
          <params>
            <param index="0">
              <value>
                <![CDATA[[TestResult name=LogInToApp status=SUCCESS method=LogInTest.LogInToApp(java.lang.String, java.lang.String)[pri:0, instance:com.pa.qa.testcases.LogInTest@59f99ea] output={null}]]]>
              </value>
            </param>
          </params>
          <reporter-output>
          </reporter-output>
        </test-method> <!-- getResult -->
      </class> <!-- com.pa.qa.testcases.LogInTest -->
      <class name="com.pa.qa.testcases.HomePageImageNavigateTest">
        <test-method status="PASS" signature="setUp()[pri:0, instance:com.pa.qa.testcases.HomePageImageNavigateTest@ae45eb6]" name="setUp" is-config="true" duration-ms="20939" started-at="2018-01-02T19:49:54Z" finished-at="2018-01-02T19:50:15Z">
          <reporter-output>
          </reporter-output>
        </test-method> <!-- setUp -->
        <test-method status="PASS" signature="setUp()[pri:0, instance:com.pa.qa.testcases.HomePageTestCase@68c4039c]" name="setUp" is-config="true" duration-ms="30404" started-at="2018-01-02T19:50:15Z" finished-at="2018-01-02T19:50:45Z">
          <reporter-output>
          </reporter-output>
        </test-method> <!-- setUp -->
        <test-method status="PASS" signature="HomePageNavigateTest()[pri:0, instance:com.pa.qa.testcases.HomePageImageNavigateTest@ae45eb6]" name="HomePageNavigateTest" duration-ms="41191" started-at="2018-01-02T19:51:19Z" finished-at="2018-01-02T19:52:00Z">
          <reporter-output>
          </reporter-output>
        </test-method> <!-- HomePageNavigateTest -->
        <test-method status="PASS" signature="getResult(org.testng.ITestResult)[pri:0, instance:com.pa.qa.testcases.HomePageImageNavigateTest@ae45eb6]" name="getResult" is-config="true" duration-ms="0" started-at="2018-01-02T19:52:00Z" finished-at="2018-01-02T19:52:00Z">
          <params>
            <param index="0">
              <value>
                <![CDATA[[TestResult name=HomePageNavigateTest status=SUCCESS method=HomePageImageNavigateTest.HomePageNavigateTest()[pri:0, instance:com.pa.qa.testcases.HomePageImageNavigateTest@ae45eb6] output={null}]]]>
              </value>
            </param>
          </params>
          <reporter-output>
          </reporter-output>
        </test-method> <!-- getResult -->
        <test-method status="PASS" signature="tearDown()[pri:0, instance:com.pa.qa.testcases.HomePageImageNavigateTest@ae45eb6]" name="tearDown" is-config="true" duration-ms="595" started-at="2018-01-02T19:53:47Z" finished-at="2018-01-02T19:53:48Z">
          <reporter-output>
          </reporter-output>
        </test-method> <!-- tearDown -->
        <test-method status="FAIL" signature="tearDown()[pri:0, instance:com.pa.qa.testcases.HomePageTestCase@68c4039c]" name="tearDown" is-config="true" duration-ms="225" started-at="2018-01-02T19:53:48Z" finished-at="2018-01-02T19:53:48Z">
          <exception class="org.openqa.selenium.NoSuchSessionException">
            <message>
              <![CDATA[no such session
  (Driver info: chromedriver=2.33.506120 (e3e53437346286c0bc2d2dc9aa4915ba81d9023f),platform=Windows NT 6.3.9600 x86_64) (WARNING: The server did not provide any stacktrace information)
Command duration or timeout: 0 milliseconds
Build info: version: '3.6.0', revision: '6fbf3ec767', time: '2017-09-27T15:28:36.4Z'
System info: host: 'STI-D01-YOGESHA', ip: '192.168.94.86', os.name: 'Windows 8.1', os.arch: 'amd64', os.version: '6.3', java.version: '1.8.0_102'
Driver info: org.openqa.selenium.chrome.ChromeDriver
Capabilities [{mobileEmulationEnabled=false, hasTouchScreen=false, platform=XP, acceptSslCerts=true, webStorageEnabled=true, browserName=chrome, takesScreenshot=true, javascriptEnabled=true, platformName=XP, setWindowRect=true, unexpectedAlertBehaviour=, applicationCacheEnabled=false, rotatable=false, networkConnectionEnabled=false, chrome={chromedriverVersion=2.33.506120 (e3e53437346286c0bc2d2dc9aa4915ba81d9023f), userDataDir=C:\Users\yogesha\AppData\Local\Temp\scoped_dir11860_332}, takesHeapSnapshot=true, pageLoadStrategy=normal, unhandledPromptBehavior=, databaseEnabled=false, handlesAlerts=true, version=63.0.3239.84, browserConnectionEnabled=false, nativeEvents=true, locationContextEnabled=true, cssSelectorsEnabled=true}]
Session ID: 324fc027069abc30ef6ba70278c7f45a]]>
            </message>
            <full-stacktrace>
              <![CDATA[org.openqa.selenium.NoSuchSessionException: no such session
  (Driver info: chromedriver=2.33.506120 (e3e53437346286c0bc2d2dc9aa4915ba81d9023f),platform=Windows NT 6.3.9600 x86_64) (WARNING: The server did not provide any stacktrace information)
Command duration or timeout: 0 milliseconds
Build info: version: '3.6.0', revision: '6fbf3ec767', time: '2017-09-27T15:28:36.4Z'
System info: host: 'STI-D01-YOGESHA', ip: '192.168.94.86', os.name: 'Windows 8.1', os.arch: 'amd64', os.version: '6.3', java.version: '1.8.0_102'
Driver info: org.openqa.selenium.chrome.ChromeDriver
Capabilities [{mobileEmulationEnabled=false, hasTouchScreen=false, platform=XP, acceptSslCerts=true, webStorageEnabled=true, browserName=chrome, takesScreenshot=true, javascriptEnabled=true, platformName=XP, setWindowRect=true, unexpectedAlertBehaviour=, applicationCacheEnabled=false, rotatable=false, networkConnectionEnabled=false, chrome={chromedriverVersion=2.33.506120 (e3e53437346286c0bc2d2dc9aa4915ba81d9023f), userDataDir=C:\Users\yogesha\AppData\Local\Temp\scoped_dir11860_332}, takesHeapSnapshot=true, pageLoadStrategy=normal, unhandledPromptBehavior=, databaseEnabled=false, handlesAlerts=true, version=63.0.3239.84, browserConnectionEnabled=false, nativeEvents=true, locationContextEnabled=true, cssSelectorsEnabled=true}]
Session ID: 324fc027069abc30ef6ba70278c7f45a
	at sun.reflect.NativeConstructorAccessorImpl.newInstance0(Native Method)
	at sun.reflect.NativeConstructorAccessorImpl.newInstance(Unknown Source)
	at sun.reflect.DelegatingConstructorAccessorImpl.newInstance(Unknown Source)
	at java.lang.reflect.Constructor.newInstance(Unknown Source)
	at org.openqa.selenium.remote.ErrorHandler.createThrowable(ErrorHandler.java:214)
	at org.openqa.selenium.remote.ErrorHandler.throwIfResponseFailed(ErrorHandler.java:166)
	at org.openqa.selenium.remote.http.JsonHttpResponseCodec.reconstructValue(JsonHttpResponseCodec.java:40)
	at org.openqa.selenium.remote.http.AbstractHttpResponseCodec.decode(AbstractHttpResponseCodec.java:82)
	at org.openqa.selenium.remote.http.AbstractHttpResponseCodec.decode(AbstractHttpResponseCodec.java:45)
	at org.openqa.selenium.remote.HttpCommandExecutor.execute(HttpCommandExecutor.java:164)
	at org.openqa.selenium.remote.service.DriverCommandExecutor.execute(DriverCommandExecutor.java:83)
	at org.openqa.selenium.remote.RemoteWebDriver.execute(RemoteWebDriver.java:586)
	at org.openqa.selenium.remote.RemoteWebDriver.execute(RemoteWebDriver.java:643)
	at org.openqa.selenium.remote.RemoteWebDriver.close(RemoteWebDriver.java:472)
	at com.pa.qa.testcases.HomePageTestCase.tearDown(HomePageTestCase.java:56)
	at sun.reflect.NativeMethodAccessorImpl.invoke0(Native Method)
	at sun.reflect.NativeMethodAccessorImpl.invoke(Unknown Source)
	at sun.reflect.DelegatingMethodAccessorImpl.invoke(Unknown Source)
	at java.lang.reflect.Method.invoke(Unknown Source)
	at org.testng.internal.MethodInvocationHelper.invokeMethod(MethodInvocationHelper.java:108)
	at org.testng.internal.Invoker.invokeConfigurationMethod(Invoker.java:523)
	at org.testng.internal.Invoker.invokeConfigurations(Invoker.java:224)
	at org.testng.internal.Invoker.invokeConfigurations(Invoker.java:146)
	at org.testng.TestRunner.afterRun(TestRunner.java:958)
	at org.testng.TestRunner.run(TestRunner.java:606)
	at org.testng.SuiteRunner.runTest(SuiteRunner.java:380)
	at org.testng.SuiteRunner.runSequentially(SuiteRunner.java:375)
	at org.testng.SuiteRunner.privateRun(SuiteRunner.java:340)
	at org.testng.SuiteRunner.run(SuiteRunner.java:289)
	at org.testng.SuiteRunnerWorker.runSuite(SuiteRunnerWorker.java:52)
	at org.testng.SuiteRunnerWorker.run(SuiteRunnerWorker.java:86)
	at org.testng.TestNG.runSuitesSequentially(TestNG.java:1301)
	at org.testng.TestNG.runSuitesLocally(TestNG.java:1226)
	at org.testng.TestNG.runSuites(TestNG.java:1144)
	at org.testng.TestNG.run(TestNG.java:1115)
	at org.testng.remote.AbstractRemoteTestNG.run(AbstractRemoteTestNG.java:132)
	at org.testng.remote.RemoteTestNG.initAndRun(RemoteTestNG.java:236)
	at org.testng.remote.RemoteTestNG.main(RemoteTestNG.java:81)
]]>
            </full-stacktrace>
          </exception> <!-- org.openqa.selenium.NoSuchSessionException -->
          <reporter-output>
          </reporter-output>
        </test-method> <!-- tearDown -->
        <test-method status="SKIP" signature="tearDown()[pri:0, instance:com.pa.qa.testcases.LogInTest@59f99ea]" name="tearDown" is-config="true" duration-ms="0" started-at="2018-01-02T19:53:48Z" finished-at="2018-01-02T19:53:48Z">
          <reporter-output>
          </reporter-output>
        </test-method> <!-- tearDown -->
      </class> <!-- com.pa.qa.testcases.HomePageImageNavigateTest -->
      <class name="com.pa.qa.testcases.HomePageTestCase">
        <test-method status="FAIL" signature="HomePageTest()[pri:0, instance:com.pa.qa.testcases.HomePageTestCase@68c4039c]" name="HomePageTest" duration-ms="33312" started-at="2018-01-02T19:50:45Z" finished-at="2018-01-02T19:51:18Z">
          <exception class="java.lang.AssertionError">
            <message>
              <![CDATA[expected [true] but found [false]]]>
            </message>
            <full-stacktrace>
              <![CDATA[java.lang.AssertionError: expected [true] but found [false]
	at org.testng.Assert.fail(Assert.java:93)
	at org.testng.Assert.failNotEquals(Assert.java:512)
	at org.testng.Assert.assertTrue(Assert.java:41)
	at org.testng.Assert.assertTrue(Assert.java:51)
	at com.pa.qa.pages.HomePage.VerifyHomePageSlides(HomePage.java:48)
	at com.pa.qa.testcases.HomePageTestCase.HomePageTest(HomePageTestCase.java:36)
	at sun.reflect.NativeMethodAccessorImpl.invoke0(Native Method)
	at sun.reflect.NativeMethodAccessorImpl.invoke(Unknown Source)
	at sun.reflect.DelegatingMethodAccessorImpl.invoke(Unknown Source)
	at java.lang.reflect.Method.invoke(Unknown Source)
	at org.testng.internal.MethodInvocationHelper.invokeMethod(MethodInvocationHelper.java:108)
	at org.testng.internal.Invoker.invokeMethod(Invoker.java:661)
	at org.testng.internal.Invoker.invokeTestMethod(Invoker.java:869)
	at org.testng.internal.Invoker.invokeTestMethods(Invoker.java:1193)
	at org.testng.internal.TestMethodWorker.invokeTestMethods(TestMethodWorker.java:126)
	at org.testng.internal.TestMethodWorker.run(TestMethodWorker.java:109)
	at org.testng.TestRunner.privateRun(TestRunner.java:744)
	at org.testng.TestRunner.run(TestRunner.java:602)
	at org.testng.SuiteRunner.runTest(SuiteRunner.java:380)
	at org.testng.SuiteRunner.runSequentially(SuiteRunner.java:375)
	at org.testng.SuiteRunner.privateRun(SuiteRunner.java:340)
	at org.testng.SuiteRunner.run(SuiteRunner.java:289)
	at org.testng.SuiteRunnerWorker.runSuite(SuiteRunnerWorker.java:52)
	at org.testng.SuiteRunnerWorker.run(SuiteRunnerWorker.java:86)
	at org.testng.TestNG.runSuitesSequentially(TestNG.java:1301)
	at org.testng.TestNG.runSuitesLocally(TestNG.java:1226)
	at org.testng.TestNG.runSuites(TestNG.java:1144)
	at org.testng.TestNG.run(TestNG.java:1115)
	at org.testng.remote.AbstractRemoteTestNG.run(AbstractRemoteTestNG.java:132)
	at org.testng.remote.RemoteTestNG.initAndRun(RemoteTestNG.java:236)
	at org.testng.remote.RemoteTestNG.main(RemoteTestNG.java:81)
]]>
            </full-stacktrace>
          </exception> <!-- java.lang.AssertionError -->
          <reporter-output>
          </reporter-output>
        </test-method> <!-- HomePageTest -->
        <test-method status="PASS" signature="getResult(org.testng.ITestResult)[pri:0, instance:com.pa.qa.testcases.HomePageTestCase@68c4039c]" name="getResult" is-config="true" duration-ms="743" started-at="2018-01-02T19:51:18Z" finished-at="2018-01-02T19:51:19Z">
          <params>
            <param index="0">
              <value>
                <![CDATA[[TestResult name=HomePageTest status=FAILURE method=HomePageTestCase.HomePageTest()[pri:0, instance:com.pa.qa.testcases.HomePageTestCase@68c4039c] output={null}]]]>
              </value>
            </param>
          </params>
          <reporter-output>
          </reporter-output>
        </test-method> <!-- getResult -->
      </class> <!-- com.pa.qa.testcases.HomePageTestCase -->
    </test> <!--  Smoke suite -->
  </suite> <!-- example suite 1 -->
</testng-results>
